android/app/build/outputs/mapping/release/seeds.txt
com.textnavigation.MainActivity
com.textnavigation.MainActivity: MainActivity()
com.textnavigation.MainApplication
com.textnavigation.MainApplication: MainApplication()
com.textnavigation.R$anim: int abc_fade_in
com.textnavigation.R$anim: int abc_fade_out
com.textnavigation.R$anim: int abc_grow_fade_in_from_bottom
com.textnavigation.R$anim: int abc_popup_enter
com.textnavigation.R$anim: int abc_popup_exit
com.textnavigation.R$anim: int abc_shrink_fade_out_from_bottom
com.textnavigation.R$anim: int abc_slide_in_bottom
com.textnavigation.R$anim: int abc_slide_in_top
com.textnavigation.R$anim: int abc_slide_out_bottom
com.textnavigation.R$anim: int abc_slide_out_top
com.textnavigation.R$anim: int abc_tooltip_enter
com.textnavigation.R$anim: int abc_tooltip_exit
com.textnavigation.R$anim: int catalyst_fade_in
com.textnavigation.R$anim: int catalyst_fade_out
com.textnavigation.R$anim: int catalyst_push_up_in
com.textnavigation.R$anim: int catalyst_push_up_out
com.textnavigation.R$anim: int catalyst_slide_down
com.textnavigation.R$anim: int catalyst_slide_up
com.textnavigation.R$attr: int actionBarDivider
com.textnavigation.R$attr: int actionBarItemBackground
com.textnavigation.R$attr: int actionBarPopupTheme
com.textnavigation.R$attr: int actionBarSize
com.textnavigation.R$attr: int actionBarSplitStyle
com.textnavigation.R$attr: int actionBarStyle
com.textnavigation.R$attr: int actionBarTabBarStyle
com.textnavigation.R$attr: int actionBarTabStyle
com.textnavigation.R$attr: int actionBarTabTextStyle
com.textnavigation.R$attr: int actionBarTheme
com.textnavigation.R$attr: int actionBarWidgetTheme
com.textnavigation.R$attr: int actionButtonStyle
com.textnavigation.R$attr: int actionDropDownStyle
com.textnavigation.R$attr: int actionLayout
com.textnavigation.R$attr: int actionMenuTextAppearance
com.textnavigation.R$attr: int actionMenuTextColor
com.textnavigation.R$attr: int actionModeBackground
com.textnavigation.R$attr: int actionModeCloseButtonStyle
com.textnavigation.R$attr: int actionModeCloseDrawable
com.textnavigation.R$attr: int actionModeCopyDrawable
com.textnavigation.R$attr: int actionModeCutDrawable
com.textnavigation.R$attr: int actionModeFindDrawable
com.textnavigation.R$attr: int actionModePasteDrawable
com.textnavigation.R$attr: int actionModePopupWindowStyle
com.textnavigation.R$attr: int actionModeSelectAllDrawable
com.textnavigation.R$attr: int actionModeShareDrawable
com.textnavigation.R$attr: int actionModeSplitBackground
com.textnavigation.R$attr: int actionModeStyle
com.textnavigation.R$bool: int abc_action_bar_embed_tabs
com.textnavigation.R$bool: int abc_allow_stacked_button_bar
com.textnavigation.R$bool: int abc_config_actionMenuItemAllCaps
...
com.facebook.react.bridge.NativeModule
com.facebook.react.bridge.NativeModule: java.lang.String getName()
com.facebook.react.bridge.NativeModule: void initialize()
com.facebook.react.bridge.NativeModule: boolean canOverrideExistingModule()
com.facebook.react.bridge.NativeModule: void onCatalystInstanceDestroy()
com.facebook.react.bridge.NativeModule$NativeMethod
com.facebook.react.bridge.NativeModule$NativeMethod: void invoke(com.facebook.react.bridge.JSInstance,com.facebook.react.bridge.ReadableArray)
com.facebook.react.bridge.NativeModule$NativeMethod: java.lang.String getType()
com.facebook.react.bridge.NativeModuleCallExceptionHandler
com.facebook.react.bridge.NativeModuleCallExceptionHandler: void handleException(java.lang.Exception)
com.facebook.react.bridge.NativeModuleRegistry
com.facebook.react.bridge.NativeModuleRegistry: com.facebook.react.bridge.ReactApplicationContext mReactApplicationContext
com.facebook.react.bridge.NativeModuleRegistry: java.util.Map mModules
com.facebook.react.bridge.NativeModuleRegistry: NativeModuleRegistry(com.facebook.react.bridge.ReactApplicationContext,java.util.Map)
com.facebook.react.bridge.NativeModuleRegistry: java.util.Map getModuleMap()
com.facebook.react.bridge.NativeModuleRegistry: com.facebook.react.bridge.ReactApplicationContext getReactApplicationContext()
com.facebook.react.bridge.NativeModuleRegistry: java.util.Collection getJavaModules(com.facebook.react.bridge.JSInstance)
com.facebook.react.bridge.NativeModuleRegistry: java.util.Collection getCxxModules()
com.facebook.react.bridge.NativeModuleRegistry: void registerModules(com.facebook.react.bridge.NativeModuleRegistry)
com.facebook.react.bridge.NativeModuleRegistry: void notifyJSInstanceDestroy()
com.facebook.react.bridge.NativeModuleRegistry: void notifyJSInstanceInitialized()
com.facebook.react.bridge.NativeModuleRegistry: void onBatchComplete()
com.facebook.react.bridge.NativeModuleRegistry: boolean hasModule(java.lang.Class)
com.facebook.react.bridge.NativeModuleRegistry: com.facebook.react.bridge.NativeModule getModule(java.lang.Class)
com.facebook.react.bridge.NativeModuleRegistry: boolean hasModule(java.lang.String)
com.facebook.react.bridge.NoSuchKeyException
com.facebook.react.bridge.NoSuchKeyException: NoSuchKeyException(java.lang.String)
com.facebook.react.bridge.NotThreadSafeBridgeIdleDebugListener
com.facebook.react.bridge.NotThreadSafeBridgeIdleDebugListener: void onTransitionToBridgeIdle()
com.facebook.react.bridge.NotThreadSafeBridgeIdleDebugListener: void onTransitionToBridgeBusy()
com.facebook.react.bridge.NotThreadSafeBridgeIdleDebugListener: void onBridgeDestroyed()
com.facebook.react.bridge.ObjectAlreadyConsumedException
com.facebook.react.bridge.ObjectAlreadyConsumedException: ObjectAlreadyConsumedException(java.lang.String)
com.facebook.react.bridge.OnBatchCompleteListener
com.facebook.react.bridge.OnBatchCompleteListener: void onBatchComplete()
com.facebook.react.bridge.PerformanceCounter
com.facebook.react.bridge.PerformanceCounter: void profileNextBatch()
com.facebook.react.bridge.PerformanceCounter: java.util.Map getPerformanceCounters()