android/app/build/outputs/mapping/release/mapping.txt
com.textnavigation.MainActivity -> com.textnavigation.MainActivity:
    void <init>() -> <init>
    java.lang.String getMainComponentName() -> k
com.textnavigation.MainApplication -> com.textnavigation.MainApplication:
    com.facebook.react.ReactNativeHost mReactNativeHost -> a
    void <init>() -> <init>
    com.facebook.react.ReactNativeHost getReactNativeHost() -> a
    void onCreate() -> onCreate
com.textnavigation.MainApplication$1 -> com.textnavigation.MainApplication$1:
    com.textnavigation.MainApplication this$0 -> a
    void <init>(com.textnavigation.MainApplication,android.app.Application) -> <init>
    boolean getUseDeveloperSupport() -> k
    java.util.List getPackages() -> l
    java.lang.String getJSMainModuleName() -> h
...
com.facebook.imagepipeline.core.ImagePipelineExperiments$DefaultProducerFactoryMethod -> com.facebook.imagepipeline.f.i$b:
    void <init>() -> <init>
    com.facebook.imagepipeline.core.ProducerFactory createProducerFactory(android.content.Context,com.facebook.common.memory.ByteArrayPool,com.facebook.imagepipeline.decoder.ImageDecoder,com.facebook.imagepipeline.decoder.ProgressiveJpegConfig,boolean,boolean,boolean,com.facebook.imagepipeline.core.ExecutorSupplier,com.facebook.common.memory.PooledByteBufferFactory,com.facebook.imagepipeline.cache.MemoryCache,com.facebook.imagepipeline.cache.MemoryCache,com.facebook.imagepipeline.cache.BufferedDiskCache,com.facebook.imagepipeline.cache.BufferedDiskCache,com.facebook.imagepipeline.cache.CacheKeyFactory,com.facebook.imagepipeline.bitmaps.PlatformBitmapFactory,int,int,boolean) -> a
com.facebook.imagepipeline.core.ImagePipelineExperiments$ProducerFactoryMethod -> com.facebook.imagepipeline.f.i$c:
    com.facebook.imagepipeline.core.ProducerFactory createProducerFactory(android.content.Context,com.facebook.common.memory.ByteArrayPool,com.facebook.imagepipeline.decoder.ImageDecoder,com.facebook.imagepipeline.decoder.ProgressiveJpegConfig,boolean,boolean,boolean,com.facebook.imagepipeline.core.ExecutorSupplier,com.facebook.common.memory.PooledByteBufferFactory,com.facebook.imagepipeline.cache.MemoryCache,com.facebook.imagepipeline.cache.MemoryCache,com.facebook.imagepipeline.cache.BufferedDiskCache,com.facebook.imagepipeline.cache.BufferedDiskCache,com.facebook.imagepipeline.cache.CacheKeyFactory,com.facebook.imagepipeline.bitmaps.PlatformBitmapFactory,int,int,boolean) -> a
com.facebook.imagepipeline.core.ImagePipelineFactory -> com.facebook.imagepipeline.f.j:
    java.lang.Class TAG -> a
    com.facebook.imagepipeline.core.ImagePipelineFactory sInstance -> b
    com.facebook.imagepipeline.producers.ThreadHandoffProducerQueue mThreadHandoffProducerQueue -> c
    com.facebook.imagepipeline.core.ImagePipelineConfig mConfig -> d
    com.facebook.imagepipeline.cache.CountingMemoryCache mBitmapCountingMemoryCache -> e
    com.facebook.imagepipeline.cache.InstrumentedMemoryCache mBitmapMemoryCache -> f
    com.facebook.imagepipeline.cache.CountingMemoryCache mEncodedCountingMemoryCache -> g
    com.facebook.imagepipeline.cache.InstrumentedMemoryCache mEncodedMemoryCache -> h
    com.facebook.imagepipeline.cache.BufferedDiskCache mMainBufferedDiskCache -> i
    com.facebook.cache.disk.FileCache mMainFileCache -> j
    com.facebook.imagepipeline.decoder.ImageDecoder mImageDecoder -> k
    com.facebook.imagepipeline.core.ImagePipeline mImagePipeline -> l
    com.facebook.imagepipeline.core.ProducerFactory mProducerFactory -> m
    com.facebook.imagepipeline.core.ProducerSequenceFactory mProducerSequenceFactory -> n
    com.facebook.imagepipeline.cache.BufferedDiskCache mSmallImageBufferedDiskCache -> o
    com.facebook.cache.disk.FileCache mSmallImageFileCache -> p
    com.facebook.imagepipeline.bitmaps.PlatformBitmapFactory mPlatformBitmapFactory -> q
    com.facebook.imagepipeline.platform.PlatformDecoder mPlatformDecoder -> r
com.facebook.imagepipeline.core.PriorityThreadFactory -> com.facebook.imagepipeline.f.k:
    int mThreadPriority -> a
    java.lang.String mPrefix -> b
    boolean mAddThreadNumber -> c
    java.util.concurrent.atomic.AtomicInteger mThreadNumber -> d
    void <init>(int,java.lang.String,boolean) -> <init>
    java.lang.Thread newThread(java.lang.Runnable) -> newThread
    int access$000(com.facebook.imagepipeline.core.PriorityThreadFactory) -> a
com.facebook.imagepipeline.core.PriorityThreadFactory$1 -> com.facebook.imagepipeline.f.k$1:
    java.lang.Runnable val$runnable -> a
    com.facebook.imagepipeline.core.PriorityThreadFactory this$0 -> b
    void <init>(com.facebook.imagepipeline.core.PriorityThreadFactory,java.lang.Runnable) -> <init>
    void run() -> run