android/app/build/outputs/mapping/release/usage.txt
com.textnavigation.BuildConfig
com.textnavigation.R
com.textnavigation.R$anim
com.textnavigation.R$attr
com.textnavigation.R$bool
com.textnavigation.R$color
com.textnavigation.R$dimen
com.textnavigation.R$drawable
com.textnavigation.R$id
com.textnavigation.R$integer
com.textnavigation.R$layout
com.textnavigation.R$mipmap
com.textnavigation.R$string
com.textnavigation.R$style
com.textnavigation.R$styleable
com.textnavigation.R$xml
...
com.facebook.imagepipeline.producers.NullProducer
com.facebook.imagepipeline.producers.PartialDiskCacheProducer:
    public static final java.lang.String PRODUCER_NAME
    public static final java.lang.String EXTRA_CACHED_VALUE_FOUND
    public static final java.lang.String ENCODED_IMAGE_SIZE
com.facebook.imagepipeline.producers.PartialDiskCacheProducer$PartialDiskCacheConsumer:
    private static final int READ_SIZE
com.facebook.imagepipeline.producers.PostprocessedBitmapMemoryCacheProducer:
    public static final java.lang.String PRODUCER_NAME
    static final java.lang.String VALUE_FOUND
com.facebook.imagepipeline.producers.PostprocessorProducer:
    public static final java.lang.String NAME
    static final java.lang.String POSTPROCESSOR
com.facebook.imagepipeline.producers.PostprocessorProducer$RepeatedPostprocessorConsumer:
    385:386:public synchronized void update()
com.facebook.imagepipeline.producers.ProducerConstants
com.facebook.imagepipeline.producers.QualifiedResourceFetchProducer:
    public static final java.lang.String PRODUCER_NAME
com.facebook.imagepipeline.producers.RemoveImageTransformMetaDataProducer
com.facebook.imagepipeline.producers.RemoveImageTransformMetaDataProducer$1
com.facebook.imagepipeline.producers.RemoveImageTransformMetaDataProducer$RemoveImageTransformMetaDataConsumer
com.facebook.imagepipeline.producers.ResizeAndRotateProducer:
    public static final java.lang.String PRODUCER_NAME
    private static final java.lang.String ORIGINAL_SIZE_KEY
    private static final java.lang.String REQUESTED_SIZE_KEY
    private static final java.lang.String DOWNSAMPLE_ENUMERATOR_KEY
    private static final java.lang.String SOFTWARE_ENUMERATOR_KEY
    private static final java.lang.String ROTATION_ANGLE_KEY
    private static final java.lang.String FRACTION_KEY
    private static final int FULL_ROUND
    static final int DEFAULT_JPEG_QUALITY
    static final int MAX_JPEG_SCALE_NUMERATOR
    static final int MIN_TRANSFORM_INTERVAL_MS
com.facebook.imagepipeline.producers.SettableProducerContext:
    21:30:public SettableProducerContext(com.facebook.imagepipeline.producers.ProducerContext)
    69:70:public void setIsPrefetch(boolean)
    77:79:public void setIsIntermediateResultExpected(boolean)
    86:87:public void setPriority(com.facebook.imagepipeline.common.Priority)
com.facebook.imagepipeline.producers.ThreadHandoffProducer:
    public static final java.lang.String PRODUCER_NAME
com.facebook.imagepipeline.producers.ThreadHandoffProducerQueue:
    34:35:public synchronized void startQueueing()
    38:40:public synchronized void stopQueuing()
    43:47:private void execInQueue()
    54:54:public synchronized boolean isQueueing()
com.facebook.imagepipeline.producers.ThrottlingProducer:
    public static final java.lang.String PRODUCER_NAME
com.facebook.imagepipeline.producers.ThumbnailSizeChecker:
    public static final float ACCEPTABLE_REQUESTED_TO_ACTUAL_SIZE_RATIO
    private static final int ROTATED_90_DEGREES_CLOCKWISE
    private static final int ROTATED_90_DEGREES_COUNTER_CLOCKWISE
    18:18:public ThumbnailSizeChecker()
com.facebook.imagepipeline.producers.WebpTranscodeProducer:
    public static final java.lang.String PRODUCER_NAME
    private static final int DEFAULT_JPEG_QUALITY
com.facebook.imagepipeline.request.BaseRepeatedPostProcessor
com.facebook.imagepipeline.request.HasImageRequest
com.facebook.imagepipeline.request.ImageRequest:
    90:90:public static com.facebook.imagepipeline.request.ImageRequest fromFile(java.io.File)
    94:94:public static com.facebook.imagepipeline.request.ImageRequest fromUri(android.net.Uri)
    98:98:public static com.facebook.imagepipeline.request.ImageRequest fromUri(java.lang.String)
    159:159:public boolean getAutoRotateEnabled()